[0.028s] Invoking command in '/home/student/Desktop/workspace/build/object_tracking_messages': CMAKE_PREFIX_PATH=${CMAKE_PREFIX_PATH}:/home/student/Desktop/workspace/install/yolo_tracking:/home/student/Desktop/workspace/install/position_estimation:/opt/ros/humble /home/student/.local/bin/cmake --build /home/student/Desktop/workspace/build/object_tracking_messages -- -j16 -l16
[0.329s] -- Found ament_cmake: 1.3.10 (/opt/ros/humble/share/ament_cmake/cmake)
[0.329s] -- Override CMake install command with custom implementation using symlinks instead of copying resources
[0.329s] -- Found rosidl_default_generators: 1.2.0 (/opt/ros/humble/share/rosidl_default_generators/cmake)
[0.330s] -- Using all available rosidl_typesupport_c: rosidl_typesupport_fastrtps_c;rosidl_typesupport_introspection_c
[0.330s] -- Found rosidl_adapter: 3.1.5 (/opt/ros/humble/share/rosidl_adapter/cmake)
[0.330s] -- Using all available rosidl_typesupport_cpp: rosidl_typesupport_fastrtps_cpp;rosidl_typesupport_introspection_cpp
[0.388s] -- Found ament_cmake_ros: 0.10.0 (/opt/ros/humble/share/ament_cmake_ros/cmake)
[0.462s] -- Using all available rosidl_typesupport_c: rosidl_typesupport_fastrtps_c;rosidl_typesupport_introspection_c
[0.553s] -- Using all available rosidl_typesupport_cpp: rosidl_typesupport_fastrtps_cpp;rosidl_typesupport_introspection_cpp
[0.573s] -- Found python_cmake_module: 0.10.0 (/opt/ros/humble/share/python_cmake_module/cmake)
[0.592s] -- Using PYTHON_EXECUTABLE: /usr/bin/python3
[0.592s] -- Using PYTHON_INCLUDE_DIRS: /usr/include/python3.10
[0.592s] -- Using PYTHON_LIBRARIES: /usr/lib/x86_64-linux-gnu/libpython3.10.so
[0.616s] -- Found ament_lint_auto: 0.12.11 (/opt/ros/humble/share/ament_lint_auto/cmake)
[0.626s] -- Added test 'lint_cmake' to check CMake code style
[0.627s] -- Added test 'xmllint' to check XML markup files
[0.630s] -- Configuring done (0.6s)
[0.662s] -- Generating done (0.0s)
[0.665s] -- Build files have been written to: /home/student/Desktop/workspace/build/object_tracking_messages
[0.686s] [  2%] Built target object_tracking_messages__cpp
[0.687s] [  5%] [32mBuilding C object CMakeFiles/object_tracking_messages__rosidl_generator_c.dir/rosidl_generator_c/object_tracking_messages/msg/detail/detected_person__functions.c.o[0m
[0.690s] [  5%] Built target ament_cmake_python_symlink_object_tracking_messages
[0.701s] In file included from [01m[K/home/student/Desktop/workspace/build/object_tracking_messages/rosidl_generator_c/object_tracking_messages/msg/detail/detected_person__functions.h:19[m[K,
[0.701s]                  from [01m[K/home/student/Desktop/workspace/build/object_tracking_messages/rosidl_generator_c/object_tracking_messages/msg/detail/detected_person__functions.c:4[m[K:
[0.702s] [01m[K/home/student/Desktop/workspace/build/object_tracking_messages/rosidl_generator_c/object_tracking_messages/msg/detail/detected_person__struct.h:22:10:[m[K [01;31m[Kfatal error: [m[Ksensor_msgs/msg/detail/region_of_interest__struct.h: No such file or directory
[0.702s]    22 | #include [01;31m[K"sensor_msgs/msg/detail/region_of_interest__struct.h"[m[K
[0.702s]       |          [01;31m[K^~~~~~~~~~~~~~~~~~~~~~~~~~~~~~~~~~~~~~~~~~~~~~~~~~~~~[m[K
[0.702s] compilation terminated.
[0.702s] gmake[2]: *** [CMakeFiles/object_tracking_messages__rosidl_generator_c.dir/build.make:135: CMakeFiles/object_tracking_messages__rosidl_generator_c.dir/rosidl_generator_c/object_tracking_messages/msg/detail/detected_person__functions.c.o] Error 1
[0.702s] gmake[1]: *** [CMakeFiles/Makefile2:213: CMakeFiles/object_tracking_messages__rosidl_generator_c.dir/all] Error 2
[0.702s] gmake[1]: *** Waiting for unfinished jobs....
[0.703s] [  7%] [32mBuilding CXX object CMakeFiles/object_tracking_messages__rosidl_typesupport_fastrtps_cpp.dir/rosidl_typesupport_fastrtps_cpp/object_tracking_messages/msg/detail/dds_fastrtps/detected_person__type_support.cpp.o[0m
[0.703s] [ 10%] [32mBuilding CXX object CMakeFiles/object_tracking_messages__rosidl_typesupport_cpp.dir/rosidl_typesupport_cpp/object_tracking_messages/msg/detected_person__type_support.cpp.o[0m
[0.705s] [ 12%] [32mBuilding CXX object CMakeFiles/object_tracking_messages__rosidl_typesupport_introspection_cpp.dir/rosidl_typesupport_introspection_cpp/object_tracking_messages/msg/detail/detected_person__type_support.cpp.o[0m
[0.779s] In file included from [01m[K/home/student/Desktop/workspace/build/object_tracking_messages/rosidl_typesupport_cpp/object_tracking_messages/msg/detected_person__type_support.cpp:7[m[K:
[0.779s] [01m[K/home/student/Desktop/workspace/build/object_tracking_messages/rosidl_generator_cpp/object_tracking_messages/msg/detail/detected_person__struct.hpp:20:10:[m[K [01;31m[Kfatal error: [m[Ksensor_msgs/msg/detail/region_of_interest__struct.hpp: No such file or directory
[0.779s]    20 | #include [01;31m[K"sensor_msgs/msg/detail/region_of_interest__struct.hpp"[m[K
[0.779s]       |          [01;31m[K^~~~~~~~~~~~~~~~~~~~~~~~~~~~~~~~~~~~~~~~~~~~~~~~~~~~~~~[m[K
[0.779s] compilation terminated.
[0.779s] In file included from [01m[K/home/student/Desktop/workspace/build/object_tracking_messages/rosidl_typesupport_fastrtps_cpp/object_tracking_messages/msg/detail/detected_person__rosidl_typesupport_fastrtps_cpp.hpp:11[m[K,
[0.779s]                  from [01m[K/home/student/Desktop/workspace/build/object_tracking_messages/rosidl_typesupport_fastrtps_cpp/object_tracking_messages/msg/detail/dds_fastrtps/detected_person__type_support.cpp:4[m[K:
[0.780s] [01m[K/home/student/Desktop/workspace/build/object_tracking_messages/rosidl_generator_cpp/object_tracking_messages/msg/detail/detected_person__struct.hpp:20:10:[m[K [01;31m[Kfatal error: [m[Ksensor_msgs/msg/detail/region_of_interest__struct.hpp: No such file or directory
[0.780s]    20 | #include [01;31m[K"sensor_msgs/msg/detail/region_of_interest__struct.hpp"[m[K
[0.780s]       |          [01;31m[K^~~~~~~~~~~~~~~~~~~~~~~~~~~~~~~~~~~~~~~~~~~~~~~~~~~~~~~[m[K
[0.780s] compilation terminated.
[0.780s] gmake[2]: *** [CMakeFiles/object_tracking_messages__rosidl_typesupport_cpp.dir/build.make:104: CMakeFiles/object_tracking_messages__rosidl_typesupport_cpp.dir/rosidl_typesupport_cpp/object_tracking_messages/msg/detected_person__type_support.cpp.o] Error 1
[0.780s] gmake[2]: *** [CMakeFiles/object_tracking_messages__rosidl_typesupport_fastrtps_cpp.dir/build.make:112: CMakeFiles/object_tracking_messages__rosidl_typesupport_fastrtps_cpp.dir/rosidl_typesupport_fastrtps_cpp/object_tracking_messages/msg/detail/dds_fastrtps/detected_person__type_support.cpp.o] Error 1
[0.781s] gmake[1]: *** [CMakeFiles/Makefile2:395: CMakeFiles/object_tracking_messages__rosidl_typesupport_cpp.dir/all] Error 2
[0.781s] gmake[1]: *** [CMakeFiles/Makefile2:343: CMakeFiles/object_tracking_messages__rosidl_typesupport_fastrtps_cpp.dir/all] Error 2
[0.786s] In file included from [01m[K/home/student/Desktop/workspace/build/object_tracking_messages/rosidl_typesupport_introspection_cpp/object_tracking_messages/msg/detail/detected_person__type_support.cpp:12[m[K:
[0.786s] [01m[K/home/student/Desktop/workspace/build/object_tracking_messages/rosidl_generator_cpp/object_tracking_messages/msg/detail/detected_person__struct.hpp:20:10:[m[K [01;31m[Kfatal error: [m[Ksensor_msgs/msg/detail/region_of_interest__struct.hpp: No such file or directory
[0.786s]    20 | #include [01;31m[K"sensor_msgs/msg/detail/region_of_interest__struct.hpp"[m[K
[0.787s]       |          [01;31m[K^~~~~~~~~~~~~~~~~~~~~~~~~~~~~~~~~~~~~~~~~~~~~~~~~~~~~~~[m[K
[0.787s] compilation terminated.
[0.787s] gmake[2]: *** [CMakeFiles/object_tracking_messages__rosidl_typesupport_introspection_cpp.dir/build.make:112: CMakeFiles/object_tracking_messages__rosidl_typesupport_introspection_cpp.dir/rosidl_typesupport_introspection_cpp/object_tracking_messages/msg/detail/detected_person__type_support.cpp.o] Error 1
[0.787s] gmake[1]: *** [CMakeFiles/Makefile2:369: CMakeFiles/object_tracking_messages__rosidl_typesupport_introspection_cpp.dir/all] Error 2
[0.992s] running egg_info
[0.993s] writing object_tracking_messages.egg-info/PKG-INFO
[0.993s] writing dependency_links to object_tracking_messages.egg-info/dependency_links.txt
[0.994s] writing top-level names to object_tracking_messages.egg-info/top_level.txt
[0.996s] reading manifest file 'object_tracking_messages.egg-info/SOURCES.txt'
[0.996s] writing manifest file 'object_tracking_messages.egg-info/SOURCES.txt'
[1.018s] [ 12%] Built target ament_cmake_python_build_object_tracking_messages_egg
[1.018s] gmake: *** [Makefile:146: all] Error 2
[1.023s] Invoked command in '/home/student/Desktop/workspace/build/object_tracking_messages' returned '2': CMAKE_PREFIX_PATH=${CMAKE_PREFIX_PATH}:/home/student/Desktop/workspace/install/yolo_tracking:/home/student/Desktop/workspace/install/position_estimation:/opt/ros/humble /home/student/.local/bin/cmake --build /home/student/Desktop/workspace/build/object_tracking_messages -- -j16 -l16
