[10.848s] Invoking command in '/home/student/Desktop/workspace/build/gnn_propagate': PYTHONPATH=/home/student/Desktop/workspace/build/gnn_propagate/prefix_override:/usr/lib/python3/dist-packages/colcon_core/task/python/colcon_distutils_commands:/home/student/Desktop/workspace/install/gnn_propagate/lib/python3.10/site-packages:${PYTHONPATH} /usr/bin/python3 -W ignore:setup.py install is deprecated setup.py develop --editable --build-directory /home/student/Desktop/workspace/build/gnn_propagate/build --no-deps
[14.243s] running develop
[14.244s] /usr/lib/python3/dist-packages/setuptools/command/easy_install.py:158: EasyInstallDeprecationWarning: easy_install command is deprecated. Use build and pip and other standards-based tools.
[14.244s]   warnings.warn(
[15.069s] running egg_info
[15.070s] creating gnn_propagate.egg-info
[15.070s] writing gnn_propagate.egg-info/PKG-INFO
[15.071s] writing dependency_links to gnn_propagate.egg-info/dependency_links.txt
[15.071s] writing top-level names to gnn_propagate.egg-info/top_level.txt
[15.071s] writing manifest file 'gnn_propagate.egg-info/SOURCES.txt'
[15.117s] reading manifest file 'gnn_propagate.egg-info/SOURCES.txt'
[15.118s] writing manifest file 'gnn_propagate.egg-info/SOURCES.txt'
[15.118s] running build_ext
[15.163s] /home/student/.local/lib/python3.10/site-packages/torch/utils/cpp_extension.py:414: UserWarning: The detected CUDA version (12.3) has a minor version mismatch with the version that was used to compile PyTorch (12.1). Most likely this shouldn't be a problem.
[15.164s]   warnings.warn(CUDA_MISMATCH_WARN.format(cuda_str_version, torch.version.cuda))
[15.164s] /home/student/.local/lib/python3.10/site-packages/torch/utils/cpp_extension.py:424: UserWarning: There are no x86_64-linux-gnu-g++ version bounds defined for CUDA version 12.3
[15.164s]   warnings.warn(f'There are no {compiler_name} version bounds defined for CUDA version {cuda_str_version}')
[15.887s] /usr/lib/python3/dist-packages/pythran/tables.py:4520: FutureWarning: In the future `np.bool` will be defined as the corresponding NumPy scalar.
[15.888s]   if not hasattr(numpy, method):
[15.908s] /usr/lib/python3/dist-packages/pythran/tables.py:4553: FutureWarning: In the future `np.bytes` will be defined as the corresponding NumPy scalar.
[15.908s]   obj = getattr(themodule, elem)
[16.276s] /home/student/.local/lib/python3.10/site-packages/torch/utils/cpp_extension.py:1965: UserWarning: TORCH_CUDA_ARCH_LIST is not set, all archs for visible cards are included for compilation. 
[16.277s] If this is not desired, please set os.environ['TORCH_CUDA_ARCH_LIST'].
[16.277s]   warnings.warn(
[16.371s] Emitting ninja build file /home/student/Desktop/workspace/build/gnn_propagate/build/temp.linux-x86_64-3.10/build.ninja...
[16.371s] Compiling objects...
[16.371s] Allowing ninja to set a default number of workers... (overridable by setting the environment variable MAX_JOBS=N)
[16.390s] ninja: error: '/home/student/Desktop/workspace/build/gnn_propagate/gnn_propagate.cpp', needed by '/home/student/Desktop/workspace/build/gnn_propagate/build/temp.linux-x86_64-3.10/gnn_propagate.o', missing and no known rule to make it
[16.391s] Traceback (most recent call last):
[16.391s]   File "/home/student/.local/lib/python3.10/site-packages/torch/utils/cpp_extension.py", line 2105, in _run_ninja_build
[16.392s]     subprocess.run(
[16.393s]   File "/usr/lib/python3.10/subprocess.py", line 526, in run
[16.394s]     raise CalledProcessError(retcode, process.args,
[16.394s] subprocess.CalledProcessError: Command '['ninja', '-v']' returned non-zero exit status 1.
[16.394s] 
[16.395s] The above exception was the direct cause of the following exception:
[16.395s] 
[16.395s] Traceback (most recent call last):
[16.395s]   File "/home/student/Desktop/workspace/build/gnn_propagate/setup.py", line 25, in <module>
[16.395s]     setup(
[16.395s]   File "/usr/lib/python3/dist-packages/setuptools/__init__.py", line 153, in setup
[16.395s]     return distutils.core.setup(**attrs)
[16.395s]   File "/usr/lib/python3.10/distutils/core.py", line 148, in setup
[16.396s]     dist.run_commands()
[16.396s]   File "/usr/lib/python3.10/distutils/dist.py", line 966, in run_commands
[16.396s]     self.run_command(cmd)
[16.396s]   File "/usr/lib/python3.10/distutils/dist.py", line 985, in run_command
[16.396s]     cmd_obj.run()
[16.396s]   File "/usr/lib/python3/dist-packages/setuptools/command/develop.py", line 34, in run
[16.396s]     self.install_for_development()
[16.396s]   File "/usr/lib/python3/dist-packages/setuptools/command/develop.py", line 114, in install_for_development
[16.396s]     self.run_command('build_ext')
[16.397s]   File "/usr/lib/python3.10/distutils/cmd.py", line 313, in run_command
[16.397s]     self.distribution.run_command(command)
[16.397s]   File "/usr/lib/python3.10/distutils/dist.py", line 985, in run_command
[16.397s]     cmd_obj.run()
[16.397s]   File "/usr/lib/python3/dist-packages/setuptools/command/build_ext.py", line 79, in run
[16.397s]     _build_ext.run(self)
[16.397s]   File "/usr/lib/python3.10/distutils/command/build_ext.py", line 340, in run
[16.397s]     self.build_extensions()
[16.397s]   File "/home/student/.local/lib/python3.10/site-packages/torch/utils/cpp_extension.py", line 866, in build_extensions
[16.398s]     build_ext.build_extensions(self)
[16.398s]   File "/usr/lib/python3.10/distutils/command/build_ext.py", line 449, in build_extensions
[16.398s]     self._build_extensions_serial()
[16.398s]   File "/usr/lib/python3.10/distutils/command/build_ext.py", line 474, in _build_extensions_serial
[16.398s]     self.build_extension(ext)
[16.398s]   File "/usr/lib/python3/dist-packages/setuptools/command/build_ext.py", line 202, in build_extension
[16.407s]     _build_ext.build_extension(self, ext)
[16.407s]   File "/home/student/.local/lib/python3.10/site-packages/Cython/Distutils/build_ext.py", line 135, in build_extension
[16.408s]     super(build_ext, self).build_extension(ext)
[16.408s]   File "/usr/lib/python3.10/distutils/command/build_ext.py", line 529, in build_extension
[16.408s]     objects = self.compiler.compile(sources,
[16.408s]   File "/home/student/.local/lib/python3.10/site-packages/torch/utils/cpp_extension.py", line 679, in unix_wrap_ninja_compile
[16.408s]     _write_ninja_file_and_compile_objects(
[16.408s]   File "/home/student/.local/lib/python3.10/site-packages/torch/utils/cpp_extension.py", line 1785, in _write_ninja_file_and_compile_objects
[16.408s]     _run_ninja_build(
[16.408s]   File "/home/student/.local/lib/python3.10/site-packages/torch/utils/cpp_extension.py", line 2121, in _run_ninja_build
[16.408s]     raise RuntimeError(message) from e
[16.409s] RuntimeError: Error compiling objects for extension
