[0.672s] Invoking command in '/home/student/Desktop/workspace/build/object_tracking_messages': CMAKE_PREFIX_PATH=${CMAKE_PREFIX_PATH}:/home/student/Desktop/workspace/install/yolo_tracking:/home/student/Desktop/workspace/install/sensor_presentation:/home/student/Desktop/workspace/install/position_estimation:/home/student/Desktop/workspace/install/ouster_voxel_filter:/home/student/Desktop/workspace/install/navigation:/home/student/Desktop/workspace/install/main:/opt/ros/humble /home/student/.local/bin/cmake --build /home/student/Desktop/workspace/build/object_tracking_messages -- -j16 -l16
[1.617s] -- Found ament_cmake: 1.3.10 (/opt/ros/humble/share/ament_cmake/cmake)
[1.617s] -- Override CMake install command with custom implementation using symlinks instead of copying resources
[1.617s] -- Found rosidl_default_generators: 1.2.0 (/opt/ros/humble/share/rosidl_default_generators/cmake)
[1.617s] -- Using all available rosidl_typesupport_c: rosidl_typesupport_fastrtps_c;rosidl_typesupport_introspection_c
[1.617s] -- Found rosidl_adapter: 3.1.5 (/opt/ros/humble/share/rosidl_adapter/cmake)
[1.617s] -- Using all available rosidl_typesupport_cpp: rosidl_typesupport_fastrtps_cpp;rosidl_typesupport_introspection_cpp
[1.617s] -- Found sensor_msgs: 4.2.4 (/opt/ros/humble/share/sensor_msgs/cmake)
[1.617s] -- Found ament_cmake_ros: 0.10.0 (/opt/ros/humble/share/ament_cmake_ros/cmake)
[1.617s] -- Using all available rosidl_typesupport_c: rosidl_typesupport_fastrtps_c;rosidl_typesupport_introspection_c
[1.617s] -- Using all available rosidl_typesupport_cpp: rosidl_typesupport_fastrtps_cpp;rosidl_typesupport_introspection_cpp
[1.617s] -- Found python_cmake_module: 0.10.0 (/opt/ros/humble/share/python_cmake_module/cmake)
[1.617s] -- Using PYTHON_EXECUTABLE: /usr/bin/python3
[1.617s] -- Using PYTHON_INCLUDE_DIRS: /usr/include/python3.10
[1.618s] -- Using PYTHON_LIBRARIES: /usr/lib/x86_64-linux-gnu/libpython3.10.so
[1.618s] -- Found ament_lint_auto: 0.12.11 (/opt/ros/humble/share/ament_lint_auto/cmake)
[1.618s] -- Added test 'lint_cmake' to check CMake code style
[1.618s] -- Added test 'xmllint' to check XML markup files
[1.618s] -- Configuring done (0.7s)
[1.618s] -- Generating done (0.0s)
[1.618s] -- Build files have been written to: /home/student/Desktop/workspace/build/object_tracking_messages
[1.618s] [  1%] Built target object_tracking_messages__cpp
[1.618s] [  1%] Built target ament_cmake_python_symlink_object_tracking_messages
[1.618s] [  3%] [32mBuilding C object CMakeFiles/object_tracking_messages__rosidl_generator_c.dir/rosidl_generator_c/object_tracking_messages/msg/detail/detected_person__functions.c.o[0m
[1.618s] [  4%] [32mBuilding C object CMakeFiles/object_tracking_messages__rosidl_generator_c.dir/rosidl_generator_c/object_tracking_messages/msg/detail/detected_persons__functions.c.o[0m
[1.618s] [  6%] [32mBuilding C object CMakeFiles/object_tracking_messages__rosidl_generator_c.dir/rosidl_generator_c/object_tracking_messages/msg/detail/person_distance__functions.c.o[0m
[1.618s] [  9%] [32mBuilding CXX object CMakeFiles/object_tracking_messages__rosidl_typesupport_cpp.dir/rosidl_typesupport_cpp/object_tracking_messages/msg/person_distance__type_support.cpp.o[0m
[1.618s] [  9%] [32mBuilding CXX object CMakeFiles/object_tracking_messages__rosidl_typesupport_cpp.dir/rosidl_typesupport_cpp/object_tracking_messages/msg/detected_persons__type_support.cpp.o[0m
[1.618s] [ 11%] [32mBuilding CXX object CMakeFiles/object_tracking_messages__rosidl_typesupport_fastrtps_cpp.dir/rosidl_typesupport_fastrtps_cpp/object_tracking_messages/msg/detail/dds_fastrtps/detected_person__type_support.cpp.o[0m
[1.618s] [ 14%] [32mBuilding CXX object CMakeFiles/object_tracking_messages__rosidl_typesupport_fastrtps_cpp.dir/rosidl_typesupport_fastrtps_cpp/object_tracking_messages/msg/detail/dds_fastrtps/person_distance__type_support.cpp.o[0m
[1.618s] [ 14%] [32mBuilding CXX object CMakeFiles/object_tracking_messages__rosidl_typesupport_fastrtps_cpp.dir/rosidl_typesupport_fastrtps_cpp/object_tracking_messages/msg/detail/dds_fastrtps/detected_persons__type_support.cpp.o[0m
[1.619s] [ 15%] [32mBuilding CXX object CMakeFiles/object_tracking_messages__rosidl_typesupport_cpp.dir/rosidl_typesupport_cpp/object_tracking_messages/msg/detected_person__type_support.cpp.o[0m
[1.619s] [ 17%] [32mBuilding CXX object CMakeFiles/object_tracking_messages__rosidl_typesupport_introspection_cpp.dir/rosidl_typesupport_introspection_cpp/object_tracking_messages/msg/detail/detected_person__type_support.cpp.o[0m
[1.619s] [ 19%] [32mBuilding CXX object CMakeFiles/object_tracking_messages__rosidl_typesupport_introspection_cpp.dir/rosidl_typesupport_introspection_cpp/object_tracking_messages/msg/detail/person_distance__type_support.cpp.o[0m
[1.619s] [ 20%] [32mBuilding CXX object CMakeFiles/object_tracking_messages__rosidl_typesupport_introspection_cpp.dir/rosidl_typesupport_introspection_cpp/object_tracking_messages/msg/detail/detected_persons__type_support.cpp.o[0m
[1.619s] In file included from [01m[K/home/student/Desktop/workspace/build/object_tracking_messages/rosidl_generator_c/object_tracking_messages/msg/detail/detected_persons__struct.h:22[m[K,
[1.619s]                  from [01m[K/home/student/Desktop/workspace/build/object_tracking_messages/rosidl_generator_c/object_tracking_messages/msg/detail/person_distance__struct.h:22[m[K,
[1.619s]                  from [01m[K/home/student/Desktop/workspace/build/object_tracking_messages/rosidl_generator_c/object_tracking_messages/msg/detail/person_distance__functions.h:19[m[K,
[1.619s]                  from [01m[K/home/student/Desktop/workspace/build/object_tracking_messages/rosidl_generator_c/object_tracking_messages/msg/detail/person_distance__functions.c:4[m[K:
[1.619s] [01m[K/home/student/Desktop/workspace/build/object_tracking_messages/rosidl_generator_c/object_tracking_messages/msg/detail/detected_person__struct.h:27:10:[m[K [01;31m[Kfatal error: [m[Kobject_tracking_messages/msg/detail/keypoint__struct.h: No such file or directory
[1.619s]    27 | #include [01;31m[K"object_tracking_messages/msg/detail/keypoint__struct.h"[m[K
[1.619s]       |          [01;31m[K^~~~~~~~~~~~~~~~~~~~~~~~~~~~~~~~~~~~~~~~~~~~~~~~~~~~~~~~[m[K
[1.619s] compilation terminated.
[1.619s] In file included from [01m[K/home/student/Desktop/workspace/build/object_tracking_messages/rosidl_generator_c/object_tracking_messages/msg/detail/detected_person__functions.h:19[m[K,
[1.619s]                  from [01m[K/home/student/Desktop/workspace/build/object_tracking_messages/rosidl_generator_c/object_tracking_messages/msg/detail/detected_person__functions.c:4[m[K:
[1.619s] [01m[K/home/student/Desktop/workspace/build/object_tracking_messages/rosidl_generator_c/object_tracking_messages/msg/detail/detected_person__struct.h:27:10:[m[K [01;31m[Kfatal error: [m[Kobject_tracking_messages/msg/detail/keypoint__struct.h: No such file or directory
[1.619s]    27 | #include [01;31m[K"object_tracking_messages/msg/detail/keypoint__struct.h"[m[K
[1.619s]       |          [01;31m[K^~~~~~~~~~~~~~~~~~~~~~~~~~~~~~~~~~~~~~~~~~~~~~~~~~~~~~~~[m[K
[1.619s] compilation terminated.
[1.620s] gmake[2]: *** [CMakeFiles/object_tracking_messages__rosidl_generator_c.dir/build.make:225: CMakeFiles/object_tracking_messages__rosidl_generator_c.dir/rosidl_generator_c/object_tracking_messages/msg/detail/person_distance__functions.c.o] Error 1
[1.620s] In file included from [01m[K/home/student/Desktop/workspace/build/object_tracking_messages/rosidl_generator_c/object_tracking_messages/msg/detail/detected_persons__struct.h:22[m[K,
[1.620s]                  from [01m[K/home/student/Desktop/workspace/build/object_tracking_messages/rosidl_generator_c/object_tracking_messages/msg/detail/detected_persons__functions.h:19[m[K,
[1.620s]                  from [01m[K/home/student/Desktop/workspace/build/object_tracking_messages/rosidl_generator_c/object_tracking_messages/msg/detail/detected_persons__functions.c:4[m[K:
[1.620s] [01m[K/home/student/Desktop/workspace/build/object_tracking_messages/rosidl_generator_c/object_tracking_messages/msg/detail/detected_person__struct.h:27:10:[m[K [01;31m[Kfatal error: [m[Kobject_tracking_messages/msg/detail/keypoint__struct.h: No such file or directory
[1.620s]    27 | #include [01;31m[K"object_tracking_messages/msg/detail/keypoint__struct.h"[m[K
[1.620s]       |          [01;31m[K^~~~~~~~~~~~~~~~~~~~~~~~~~~~~~~~~~~~~~~~~~~~~~~~~~~~~~~~[m[K
[1.620s] gmake[2]: *** Waiting for unfinished jobs....
[1.620s] compilation terminated.
[1.620s] gmake[2]: *** [CMakeFiles/object_tracking_messages__rosidl_generator_c.dir/build.make:197: CMakeFiles/object_tracking_messages__rosidl_generator_c.dir/rosidl_generator_c/object_tracking_messages/msg/detail/detected_person__functions.c.o] Error 1
[1.620s] gmake[2]: *** [CMakeFiles/object_tracking_messages__rosidl_generator_c.dir/build.make:211: CMakeFiles/object_tracking_messages__rosidl_generator_c.dir/rosidl_generator_c/object_tracking_messages/msg/detail/detected_persons__functions.c.o] Error 1
[1.620s] gmake[1]: *** [CMakeFiles/Makefile2:213: CMakeFiles/object_tracking_messages__rosidl_generator_c.dir/all] Error 2
[1.620s] gmake[1]: *** Waiting for unfinished jobs....
[1.620s] In file included from [01m[K/home/student/Desktop/workspace/build/object_tracking_messages/rosidl_typesupport_fastrtps_cpp/object_tracking_messages/msg/detail/detected_person__rosidl_typesupport_fastrtps_cpp.hpp:11[m[K,
[1.620s]                  from [01m[K/home/student/Desktop/workspace/build/object_tracking_messages/rosidl_typesupport_fastrtps_cpp/object_tracking_messages/msg/detail/dds_fastrtps/detected_person__type_support.cpp:4[m[K:
[1.620s] [01m[K/home/student/Desktop/workspace/build/object_tracking_messages/rosidl_generator_cpp/object_tracking_messages/msg/detail/detected_person__struct.hpp:22:10:[m[K [01;31m[Kfatal error: [m[Kobject_tracking_messages/msg/detail/keypoint__struct.hpp: No such file or directory
[1.620s]    22 | #include [01;31m[K"object_tracking_messages/msg/detail/keypoint__struct.hpp"[m[K
[1.620s]       |          [01;31m[K^~~~~~~~~~~~~~~~~~~~~~~~~~~~~~~~~~~~~~~~~~~~~~~~~~~~~~~~~~[m[K
[1.620s] compilation terminated.
[1.621s] In file included from [01m[K/home/student/Desktop/workspace/build/object_tracking_messages/rosidl_typesupport_cpp/object_tracking_messages/msg/detected_person__type_support.cpp:7[m[K:
[1.621s] [01m[K/home/student/Desktop/workspace/build/object_tracking_messages/rosidl_generator_cpp/object_tracking_messages/msg/detail/detected_person__struct.hpp:22:10:[m[K [01;31m[Kfatal error: [m[Kobject_tracking_messages/msg/detail/keypoint__struct.hpp: No such file or directory
[1.621s]    22 | #include [01;31m[K"object_tracking_messages/msg/detail/keypoint__struct.hpp"[m[K
[1.621s]       |          [01;31m[K^~~~~~~~~~~~~~~~~~~~~~~~~~~~~~~~~~~~~~~~~~~~~~~~~~~~~~~~~~[m[K
[1.621s] compilation terminated.
[1.621s] gmake[2]: *** [CMakeFiles/object_tracking_messages__rosidl_typesupport_fastrtps_cpp.dir/build.make:147: CMakeFiles/object_tracking_messages__rosidl_typesupport_fastrtps_cpp.dir/rosidl_typesupport_fastrtps_cpp/object_tracking_messages/msg/detail/dds_fastrtps/detected_person__type_support.cpp.o] Error 1
[1.621s] gmake[2]: *** Waiting for unfinished jobs....
[1.621s] In file included from [01m[K/home/student/Desktop/workspace/build/object_tracking_messages/rosidl_generator_cpp/object_tracking_messages/msg/detail/detected_persons__struct.hpp:20[m[K,
[1.621s]                  from [01m[K/home/student/Desktop/workspace/build/object_tracking_messages/rosidl_generator_cpp/object_tracking_messages/msg/detail/person_distance__struct.hpp:20[m[K,
[1.621s]                  from [01m[K/home/student/Desktop/workspace/build/object_tracking_messages/rosidl_typesupport_cpp/object_tracking_messages/msg/person_distance__type_support.cpp:7[m[K:
[1.621s] [01m[K/home/student/Desktop/workspace/build/object_tracking_messages/rosidl_generator_cpp/object_tracking_messages/msg/detail/detected_person__struct.hpp:22:10:[m[K [01;31m[Kfatal error: [m[Kobject_tracking_messages/msg/detail/keypoint__struct.hpp: No such file or directory
[1.621s]    22 | #include [01;31m[K"object_tracking_messages/msg/detail/keypoint__struct.hpp"[m[K
[1.621s]       |          [01;31m[K^~~~~~~~~~~~~~~~~~~~~~~~~~~~~~~~~~~~~~~~~~~~~~~~~~~~~~~~~~[m[K
[1.621s] compilation terminated.
[1.621s] In file included from [01m[K/home/student/Desktop/workspace/build/object_tracking_messages/rosidl_generator_cpp/object_tracking_messages/msg/detail/detected_persons__struct.hpp:20[m[K,
[1.621s]                  from [01m[K/home/student/Desktop/workspace/build/object_tracking_messages/rosidl_typesupport_cpp/object_tracking_messages/msg/detected_persons__type_support.cpp:7[m[K:
[1.621s] [01m[K/home/student/Desktop/workspace/build/object_tracking_messages/rosidl_generator_cpp/object_tracking_messages/msg/detail/detected_person__struct.hpp:22:10:[m[K [01;31m[Kfatal error: [m[Kobject_tracking_messages/msg/detail/keypoint__struct.hpp: No such file or directory
[1.621s]    22 | #include [01;31m[K"object_tracking_messages/msg/detail/keypoint__struct.hpp"[m[K
[1.621s]       |          [01;31m[K^~~~~~~~~~~~~~~~~~~~~~~~~~~~~~~~~~~~~~~~~~~~~~~~~~~~~~~~~~[m[K
[1.622s] compilation terminated.
[1.622s] gmake[2]: *** [CMakeFiles/object_tracking_messages__rosidl_typesupport_cpp.dir/build.make:130: CMakeFiles/object_tracking_messages__rosidl_typesupport_cpp.dir/rosidl_typesupport_cpp/object_tracking_messages/msg/detected_person__type_support.cpp.o] Error 1
[1.622s] gmake[2]: *** Waiting for unfinished jobs....
[1.622s] In file included from [01m[K/home/student/Desktop/workspace/build/object_tracking_messages/rosidl_generator_cpp/object_tracking_messages/msg/detail/detected_persons__struct.hpp:20[m[K,
[1.622s]                  from [01m[K/home/student/Desktop/workspace/build/object_tracking_messages/rosidl_generator_cpp/object_tracking_messages/msg/detail/person_distance__struct.hpp:20[m[K,
[1.622s]                  from [01m[K/home/student/Desktop/workspace/build/object_tracking_messages/rosidl_typesupport_fastrtps_cpp/object_tracking_messages/msg/detail/person_distance__rosidl_typesupport_fastrtps_cpp.hpp:11[m[K,
[1.622s]                  from [01m[K/home/student/Desktop/workspace/build/object_tracking_messages/rosidl_typesupport_fastrtps_cpp/object_tracking_messages/msg/detail/dds_fastrtps/person_distance__type_support.cpp:4[m[K:
[1.622s] [01m[K/home/student/Desktop/workspace/build/object_tracking_messages/rosidl_generator_cpp/object_tracking_messages/msg/detail/detected_person__struct.hpp:22:10:[m[K [01;31m[Kfatal error: [m[Kobject_tracking_messages/msg/detail/keypoint__struct.hpp: No such file or directory
[1.622s]    22 | #include [01;31m[K"object_tracking_messages/msg/detail/keypoint__struct.hpp"[m[K
[1.622s]       |          [01;31m[K^~~~~~~~~~~~~~~~~~~~~~~~~~~~~~~~~~~~~~~~~~~~~~~~~~~~~~~~~~[m[K
[1.622s] compilation terminated.
[1.622s] gmake[2]: *** [CMakeFiles/object_tracking_messages__rosidl_typesupport_cpp.dir/build.make:158: CMakeFiles/object_tracking_messages__rosidl_typesupport_cpp.dir/rosidl_typesupport_cpp/object_tracking_messages/msg/person_distance__type_support.cpp.o] Error 1
[1.622s] gmake[2]: *** [CMakeFiles/object_tracking_messages__rosidl_typesupport_cpp.dir/build.make:144: CMakeFiles/object_tracking_messages__rosidl_typesupport_cpp.dir/rosidl_typesupport_cpp/object_tracking_messages/msg/detected_persons__type_support.cpp.o] Error 1
[1.622s] gmake[2]: *** [CMakeFiles/object_tracking_messages__rosidl_typesupport_fastrtps_cpp.dir/build.make:175: CMakeFiles/object_tracking_messages__rosidl_typesupport_fastrtps_cpp.dir/rosidl_typesupport_fastrtps_cpp/object_tracking_messages/msg/detail/dds_fastrtps/person_distance__type_support.cpp.o] Error 1
[1.622s] gmake[1]: *** [CMakeFiles/Makefile2:395: CMakeFiles/object_tracking_messages__rosidl_typesupport_cpp.dir/all] Error 2
[1.622s] In file included from [01m[K/home/student/Desktop/workspace/build/object_tracking_messages/rosidl_generator_cpp/object_tracking_messages/msg/detail/detected_persons__struct.hpp:20[m[K,
[1.623s]                  from [01m[K/home/student/Desktop/workspace/build/object_tracking_messages/rosidl_typesupport_introspection_cpp/object_tracking_messages/msg/detail/detected_persons__type_support.cpp:12[m[K:
[1.623s] [01m[K/home/student/Desktop/workspace/build/object_tracking_messages/rosidl_generator_cpp/object_tracking_messages/msg/detail/detected_person__struct.hpp:22:10:[m[K [01;31m[Kfatal error: [m[Kobject_tracking_messages/msg/detail/keypoint__struct.hpp: No such file or directory
[1.623s]    22 | #include [01;31m[K"object_tracking_messages/msg/detail/keypoint__struct.hpp"[m[K
[1.623s]       |          [01;31m[K^~~~~~~~~~~~~~~~~~~~~~~~~~~~~~~~~~~~~~~~~~~~~~~~~~~~~~~~~~[m[K
[1.623s] compilation terminated.
[1.623s] gmake[2]: *** [CMakeFiles/object_tracking_messages__rosidl_typesupport_introspection_cpp.dir/build.make:161: CMakeFiles/object_tracking_messages__rosidl_typesupport_introspection_cpp.dir/rosidl_typesupport_introspection_cpp/object_tracking_messages/msg/detail/detected_persons__type_support.cpp.o] Error 1
[1.623s] gmake[2]: *** Waiting for unfinished jobs....
[1.623s] In file included from [01m[K/home/student/Desktop/workspace/build/object_tracking_messages/rosidl_generator_cpp/object_tracking_messages/msg/detail/detected_persons__struct.hpp:20[m[K,
[1.623s]                  from [01m[K/home/student/Desktop/workspace/build/object_tracking_messages/rosidl_typesupport_fastrtps_cpp/object_tracking_messages/msg/detail/detected_persons__rosidl_typesupport_fastrtps_cpp.hpp:11[m[K,
[1.623s]                  from [01m[K/home/student/Desktop/workspace/build/object_tracking_messages/rosidl_typesupport_fastrtps_cpp/object_tracking_messages/msg/detail/dds_fastrtps/detected_persons__type_support.cpp:4[m[K:
[1.623s] [01m[K/home/student/Desktop/workspace/build/object_tracking_messages/rosidl_generator_cpp/object_tracking_messages/msg/detail/detected_person__struct.hpp:22:10:[m[K [01;31m[Kfatal error: [m[Kobject_tracking_messages/msg/detail/keypoint__struct.hpp: No such file or directory
[1.623s]    22 | #include [01;31m[K"object_tracking_messages/msg/detail/keypoint__struct.hpp"[m[K
[1.623s]       |          [01;31m[K^~~~~~~~~~~~~~~~~~~~~~~~~~~~~~~~~~~~~~~~~~~~~~~~~~~~~~~~~~[m[K
[1.623s] compilation terminated.
[1.623s] In file included from [01m[K/home/student/Desktop/workspace/build/object_tracking_messages/rosidl_typesupport_introspection_cpp/object_tracking_messages/msg/detail/detected_person__type_support.cpp:12[m[K:
[1.623s] [01m[K/home/student/Desktop/workspace/build/object_tracking_messages/rosidl_generator_cpp/object_tracking_messages/msg/detail/detected_person__struct.hpp:22:10:[m[K [01;31m[Kfatal error: [m[Kobject_tracking_messages/msg/detail/keypoint__struct.hpp: No such file or directory
[1.623s]    22 | #include [01;31m[K"object_tracking_messages/msg/detail/keypoint__struct.hpp"[m[K
[1.623s]       |          [01;31m[K^~~~~~~~~~~~~~~~~~~~~~~~~~~~~~~~~~~~~~~~~~~~~~~~~~~~~~~~~~[m[K
[1.624s] compilation terminated.
[1.624s] gmake[2]: *** [CMakeFiles/object_tracking_messages__rosidl_typesupport_fastrtps_cpp.dir/build.make:161: CMakeFiles/object_tracking_messages__rosidl_typesupport_fastrtps_cpp.dir/rosidl_typesupport_fastrtps_cpp/object_tracking_messages/msg/detail/dds_fastrtps/detected_persons__type_support.cpp.o] Error 1
[1.624s] gmake[1]: *** [CMakeFiles/Makefile2:343: CMakeFiles/object_tracking_messages__rosidl_typesupport_fastrtps_cpp.dir/all] Error 2
[1.624s] gmake[2]: *** [CMakeFiles/object_tracking_messages__rosidl_typesupport_introspection_cpp.dir/build.make:147: CMakeFiles/object_tracking_messages__rosidl_typesupport_introspection_cpp.dir/rosidl_typesupport_introspection_cpp/object_tracking_messages/msg/detail/detected_person__type_support.cpp.o] Error 1
[1.624s] In file included from [01m[K/home/student/Desktop/workspace/build/object_tracking_messages/rosidl_generator_cpp/object_tracking_messages/msg/detail/detected_persons__struct.hpp:20[m[K,
[1.624s]                  from [01m[K/home/student/Desktop/workspace/build/object_tracking_messages/rosidl_generator_cpp/object_tracking_messages/msg/detail/person_distance__struct.hpp:20[m[K,
[1.624s]                  from [01m[K/home/student/Desktop/workspace/build/object_tracking_messages/rosidl_typesupport_introspection_cpp/object_tracking_messages/msg/detail/person_distance__type_support.cpp:12[m[K:
[1.624s] [01m[K/home/student/Desktop/workspace/build/object_tracking_messages/rosidl_generator_cpp/object_tracking_messages/msg/detail/detected_person__struct.hpp:22:10:[m[K [01;31m[Kfatal error: [m[Kobject_tracking_messages/msg/detail/keypoint__struct.hpp: No such file or directory
[1.624s]    22 | #include [01;31m[K"object_tracking_messages/msg/detail/keypoint__struct.hpp"[m[K
[1.624s]       |          [01;31m[K^~~~~~~~~~~~~~~~~~~~~~~~~~~~~~~~~~~~~~~~~~~~~~~~~~~~~~~~~~[m[K
[1.624s] compilation terminated.
[1.624s] gmake[2]: *** [CMakeFiles/object_tracking_messages__rosidl_typesupport_introspection_cpp.dir/build.make:175: CMakeFiles/object_tracking_messages__rosidl_typesupport_introspection_cpp.dir/rosidl_typesupport_introspection_cpp/object_tracking_messages/msg/detail/person_distance__type_support.cpp.o] Error 1
[1.624s] gmake[1]: *** [CMakeFiles/Makefile2:369: CMakeFiles/object_tracking_messages__rosidl_typesupport_introspection_cpp.dir/all] Error 2
[1.754s] running egg_info
[1.755s] writing object_tracking_messages.egg-info/PKG-INFO
[1.755s] writing dependency_links to object_tracking_messages.egg-info/dependency_links.txt
[1.755s] writing top-level names to object_tracking_messages.egg-info/top_level.txt
[1.757s] reading manifest file 'object_tracking_messages.egg-info/SOURCES.txt'
[1.758s] writing manifest file 'object_tracking_messages.egg-info/SOURCES.txt'
[1.779s] [ 20%] Built target ament_cmake_python_build_object_tracking_messages_egg
[1.779s] gmake: *** [Makefile:146: all] Error 2
[1.967s] Invoked command in '/home/student/Desktop/workspace/build/object_tracking_messages' returned '2': CMAKE_PREFIX_PATH=${CMAKE_PREFIX_PATH}:/home/student/Desktop/workspace/install/yolo_tracking:/home/student/Desktop/workspace/install/sensor_presentation:/home/student/Desktop/workspace/install/position_estimation:/home/student/Desktop/workspace/install/ouster_voxel_filter:/home/student/Desktop/workspace/install/navigation:/home/student/Desktop/workspace/install/main:/opt/ros/humble /home/student/.local/bin/cmake --build /home/student/Desktop/workspace/build/object_tracking_messages -- -j16 -l16
