[0.027s] Invoking command in '/home/student/Desktop/workspace/build/object_tracking_messages': CMAKE_PREFIX_PATH=${CMAKE_PREFIX_PATH}:/home/student/Desktop/workspace/install/yolo_tracking:/home/student/Desktop/workspace/install/position_estimation:/opt/ros/humble /home/student/.local/bin/cmake /home/student/Desktop/workspace/src/object_tracking_messages -DCMAKE_INSTALL_PREFIX=/home/student/Desktop/workspace/install/object_tracking_messages
[0.337s] -- Found ament_cmake: 1.3.10 (/opt/ros/humble/share/ament_cmake/cmake)
[0.338s] -- Override CMake install command with custom implementation using symlinks instead of copying resources
[0.338s] -- Found rosidl_default_generators: 1.2.0 (/opt/ros/humble/share/rosidl_default_generators/cmake)
[0.338s] -- Using all available rosidl_typesupport_c: rosidl_typesupport_fastrtps_c;rosidl_typesupport_introspection_c
[0.338s] -- Found rosidl_adapter: 3.1.5 (/opt/ros/humble/share/rosidl_adapter/cmake)
[0.338s] -- Using all available rosidl_typesupport_cpp: rosidl_typesupport_fastrtps_cpp;rosidl_typesupport_introspection_cpp
[0.396s] -- Found ament_cmake_ros: 0.10.0 (/opt/ros/humble/share/ament_cmake_ros/cmake)
[0.468s] -- Using all available rosidl_typesupport_c: rosidl_typesupport_fastrtps_c;rosidl_typesupport_introspection_c
[0.565s] -- Using all available rosidl_typesupport_cpp: rosidl_typesupport_fastrtps_cpp;rosidl_typesupport_introspection_cpp
[0.587s] -- Found python_cmake_module: 0.10.0 (/opt/ros/humble/share/python_cmake_module/cmake)
[0.607s] -- Using PYTHON_EXECUTABLE: /usr/bin/python3
[0.608s] -- Using PYTHON_INCLUDE_DIRS: /usr/include/python3.10
[0.608s] -- Using PYTHON_LIBRARIES: /usr/lib/x86_64-linux-gnu/libpython3.10.so
[0.632s] -- Found ament_lint_auto: 0.12.11 (/opt/ros/humble/share/ament_lint_auto/cmake)
[0.645s] -- Added test 'lint_cmake' to check CMake code style
[0.646s] -- Added test 'xmllint' to check XML markup files
[0.649s] -- Configuring done (0.6s)
[0.680s] -- Generating done (0.0s)
[0.683s] -- Build files have been written to: /home/student/Desktop/workspace/build/object_tracking_messages
[0.691s] Invoked command in '/home/student/Desktop/workspace/build/object_tracking_messages' returned '0': CMAKE_PREFIX_PATH=${CMAKE_PREFIX_PATH}:/home/student/Desktop/workspace/install/yolo_tracking:/home/student/Desktop/workspace/install/position_estimation:/opt/ros/humble /home/student/.local/bin/cmake /home/student/Desktop/workspace/src/object_tracking_messages -DCMAKE_INSTALL_PREFIX=/home/student/Desktop/workspace/install/object_tracking_messages
[0.693s] Invoking command in '/home/student/Desktop/workspace/build/object_tracking_messages': CMAKE_PREFIX_PATH=${CMAKE_PREFIX_PATH}:/home/student/Desktop/workspace/install/yolo_tracking:/home/student/Desktop/workspace/install/position_estimation:/opt/ros/humble /home/student/.local/bin/cmake --build /home/student/Desktop/workspace/build/object_tracking_messages -- -j16 -l16
[0.743s] [  2%] Built target object_tracking_messages__cpp
[0.744s] [  5%] [32mBuilding C object CMakeFiles/object_tracking_messages__rosidl_generator_c.dir/rosidl_generator_c/object_tracking_messages/msg/detail/detected_person__functions.c.o[0m
[0.746s] [  5%] Built target ament_cmake_python_symlink_object_tracking_messages
[0.756s] In file included from [01m[K/home/student/Desktop/workspace/build/object_tracking_messages/rosidl_generator_c/object_tracking_messages/msg/detail/detected_person__functions.h:19[m[K,
[0.757s]                  from [01m[K/home/student/Desktop/workspace/build/object_tracking_messages/rosidl_generator_c/object_tracking_messages/msg/detail/detected_person__functions.c:4[m[K:
[0.757s] [01m[K/home/student/Desktop/workspace/build/object_tracking_messages/rosidl_generator_c/object_tracking_messages/msg/detail/detected_person__struct.h:22:10:[m[K [01;31m[Kfatal error: [m[Ksensor_msgs/msg/detail/region_of_interest__struct.h: No such file or directory
[0.757s]    22 | #include [01;31m[K"sensor_msgs/msg/detail/region_of_interest__struct.h"[m[K
[0.757s]       |          [01;31m[K^~~~~~~~~~~~~~~~~~~~~~~~~~~~~~~~~~~~~~~~~~~~~~~~~~~~~[m[K
[0.757s] compilation terminated.
[0.757s] gmake[2]: *** [CMakeFiles/object_tracking_messages__rosidl_generator_c.dir/build.make:135: CMakeFiles/object_tracking_messages__rosidl_generator_c.dir/rosidl_generator_c/object_tracking_messages/msg/detail/detected_person__functions.c.o] Error 1
[0.758s] gmake[1]: *** [CMakeFiles/Makefile2:213: CMakeFiles/object_tracking_messages__rosidl_generator_c.dir/all] Error 2
[0.758s] gmake[1]: *** Waiting for unfinished jobs....
[0.759s] [  7%] [32mBuilding CXX object CMakeFiles/object_tracking_messages__rosidl_typesupport_introspection_cpp.dir/rosidl_typesupport_introspection_cpp/object_tracking_messages/msg/detail/detected_person__type_support.cpp.o[0m
[0.759s] [ 10%] [32mBuilding CXX object CMakeFiles/object_tracking_messages__rosidl_typesupport_cpp.dir/rosidl_typesupport_cpp/object_tracking_messages/msg/detected_person__type_support.cpp.o[0m
[0.762s] [ 12%] [32mBuilding CXX object CMakeFiles/object_tracking_messages__rosidl_typesupport_fastrtps_cpp.dir/rosidl_typesupport_fastrtps_cpp/object_tracking_messages/msg/detail/dds_fastrtps/detected_person__type_support.cpp.o[0m
[0.805s] In file included from [01m[K/home/student/Desktop/workspace/build/object_tracking_messages/rosidl_typesupport_cpp/object_tracking_messages/msg/detected_person__type_support.cpp:7[m[K:
[0.805s] [01m[K/home/student/Desktop/workspace/build/object_tracking_messages/rosidl_generator_cpp/object_tracking_messages/msg/detail/detected_person__struct.hpp:20:10:[m[K [01;31m[Kfatal error: [m[Ksensor_msgs/msg/detail/region_of_interest__struct.hpp: No such file or directory
[0.805s]    20 | #include [01;31m[K"sensor_msgs/msg/detail/region_of_interest__struct.hpp"[m[K
[0.805s]       |          [01;31m[K^~~~~~~~~~~~~~~~~~~~~~~~~~~~~~~~~~~~~~~~~~~~~~~~~~~~~~~[m[K
[0.805s] compilation terminated.
[0.805s] gmake[2]: *** [CMakeFiles/object_tracking_messages__rosidl_typesupport_cpp.dir/build.make:104: CMakeFiles/object_tracking_messages__rosidl_typesupport_cpp.dir/rosidl_typesupport_cpp/object_tracking_messages/msg/detected_person__type_support.cpp.o] Error 1
[0.806s] gmake[1]: *** [CMakeFiles/Makefile2:395: CMakeFiles/object_tracking_messages__rosidl_typesupport_cpp.dir/all] Error 2
[0.808s] In file included from [01m[K/home/student/Desktop/workspace/build/object_tracking_messages/rosidl_typesupport_fastrtps_cpp/object_tracking_messages/msg/detail/detected_person__rosidl_typesupport_fastrtps_cpp.hpp:11[m[K,
[0.808s]                  from [01m[K/home/student/Desktop/workspace/build/object_tracking_messages/rosidl_typesupport_fastrtps_cpp/object_tracking_messages/msg/detail/dds_fastrtps/detected_person__type_support.cpp:4[m[K:
[0.809s] [01m[K/home/student/Desktop/workspace/build/object_tracking_messages/rosidl_generator_cpp/object_tracking_messages/msg/detail/detected_person__struct.hpp:20:10:[m[K [01;31m[Kfatal error: [m[Ksensor_msgs/msg/detail/region_of_interest__struct.hpp: No such file or directory
[0.809s]    20 | #include [01;31m[K"sensor_msgs/msg/detail/region_of_interest__struct.hpp"[m[K
[0.809s]       |          [01;31m[K^~~~~~~~~~~~~~~~~~~~~~~~~~~~~~~~~~~~~~~~~~~~~~~~~~~~~~~[m[K
[0.809s] compilation terminated.
[0.810s] gmake[2]: *** [CMakeFiles/object_tracking_messages__rosidl_typesupport_fastrtps_cpp.dir/build.make:112: CMakeFiles/object_tracking_messages__rosidl_typesupport_fastrtps_cpp.dir/rosidl_typesupport_fastrtps_cpp/object_tracking_messages/msg/detail/dds_fastrtps/detected_person__type_support.cpp.o] Error 1
[0.810s] gmake[1]: *** [CMakeFiles/Makefile2:343: CMakeFiles/object_tracking_messages__rosidl_typesupport_fastrtps_cpp.dir/all] Error 2
[0.811s] In file included from [01m[K/home/student/Desktop/workspace/build/object_tracking_messages/rosidl_typesupport_introspection_cpp/object_tracking_messages/msg/detail/detected_person__type_support.cpp:12[m[K:
[0.811s] [01m[K/home/student/Desktop/workspace/build/object_tracking_messages/rosidl_generator_cpp/object_tracking_messages/msg/detail/detected_person__struct.hpp:20:10:[m[K [01;31m[Kfatal error: [m[Ksensor_msgs/msg/detail/region_of_interest__struct.hpp: No such file or directory
[0.811s]    20 | #include [01;31m[K"sensor_msgs/msg/detail/region_of_interest__struct.hpp"[m[K
[0.811s]       |          [01;31m[K^~~~~~~~~~~~~~~~~~~~~~~~~~~~~~~~~~~~~~~~~~~~~~~~~~~~~~~[m[K
[0.811s] compilation terminated.
[0.812s] gmake[2]: *** [CMakeFiles/object_tracking_messages__rosidl_typesupport_introspection_cpp.dir/build.make:112: CMakeFiles/object_tracking_messages__rosidl_typesupport_introspection_cpp.dir/rosidl_typesupport_introspection_cpp/object_tracking_messages/msg/detail/detected_person__type_support.cpp.o] Error 1
[0.812s] gmake[1]: *** [CMakeFiles/Makefile2:369: CMakeFiles/object_tracking_messages__rosidl_typesupport_introspection_cpp.dir/all] Error 2
[1.067s] running egg_info
[1.068s] writing object_tracking_messages.egg-info/PKG-INFO
[1.068s] writing dependency_links to object_tracking_messages.egg-info/dependency_links.txt
[1.068s] writing top-level names to object_tracking_messages.egg-info/top_level.txt
[1.071s] reading manifest file 'object_tracking_messages.egg-info/SOURCES.txt'
[1.072s] writing manifest file 'object_tracking_messages.egg-info/SOURCES.txt'
[1.097s] [ 12%] Built target ament_cmake_python_build_object_tracking_messages_egg
[1.098s] gmake: *** [Makefile:146: all] Error 2
[1.104s] Invoked command in '/home/student/Desktop/workspace/build/object_tracking_messages' returned '2': CMAKE_PREFIX_PATH=${CMAKE_PREFIX_PATH}:/home/student/Desktop/workspace/install/yolo_tracking:/home/student/Desktop/workspace/install/position_estimation:/opt/ros/humble /home/student/.local/bin/cmake --build /home/student/Desktop/workspace/build/object_tracking_messages -- -j16 -l16
