-- Found ament_cmake: 1.3.10 (/opt/ros/humble/share/ament_cmake/cmake)
-- Override CMake install command with custom implementation using symlinks instead of copying resources
-- Found rosidl_default_generators: 1.2.0 (/opt/ros/humble/share/rosidl_default_generators/cmake)
-- Using all available rosidl_typesupport_c: rosidl_typesupport_fastrtps_c;rosidl_typesupport_introspection_c
-- Found rosidl_adapter: 3.1.5 (/opt/ros/humble/share/rosidl_adapter/cmake)
-- Using all available rosidl_typesupport_cpp: rosidl_typesupport_fastrtps_cpp;rosidl_typesupport_introspection_cpp
-- Found ament_cmake_ros: 0.10.0 (/opt/ros/humble/share/ament_cmake_ros/cmake)
-- Using all available rosidl_typesupport_c: rosidl_typesupport_fastrtps_c;rosidl_typesupport_introspection_c
-- Using all available rosidl_typesupport_cpp: rosidl_typesupport_fastrtps_cpp;rosidl_typesupport_introspection_cpp
-- Found PythonInterp: /usr/bin/python3 (found suitable version "3.10.12", minimum required is "3.6") 
-- Found python_cmake_module: 0.10.0 (/opt/ros/humble/share/python_cmake_module/cmake)
-- Found PythonLibs: /usr/lib/x86_64-linux-gnu/libpython3.10.so (found suitable version "3.10.12", minimum required is "3.5") 
-- Using PYTHON_EXECUTABLE: /usr/bin/python3
-- Using PYTHON_INCLUDE_DIRS: /usr/include/python3.10
-- Using PYTHON_LIBRARIES: /usr/lib/x86_64-linux-gnu/libpython3.10.so
-- Found PythonExtra: .so  
-- Found ament_lint_auto: 0.12.11 (/opt/ros/humble/share/ament_lint_auto/cmake)
-- Added test 'lint_cmake' to check CMake code style
-- Added test 'xmllint' to check XML markup files
-- Configuring done (0.7s)
-- Generating done (0.0s)
-- Build files have been written to: /home/student/Desktop/workspace/build/object_tracking_messages
[  2%] [34m[1mGenerating C code for ROS interfaces[0m
[  5%] [34m[1mGenerating C++ code for ROS interfaces[0m
[  5%] Built target ament_cmake_python_symlink_object_tracking_messages
[  5%] Built target object_tracking_messages__cpp
[  7%] [32mBuilding C object CMakeFiles/object_tracking_messages__rosidl_generator_c.dir/rosidl_generator_c/object_tracking_messages/msg/detail/bounding_box__functions.c.o[0m
[ 10%] [34m[1mGenerating C++ type support dispatch for ROS interfaces[0m
[ 12%] [32mBuilding C object CMakeFiles/object_tracking_messages__rosidl_generator_c.dir/rosidl_generator_c/object_tracking_messages/msg/detail/detected_person__functions.c.o[0m
[ 17%] [34m[1mGenerating C++ introspection for ROS interfaces[0m
[ 17%] [34m[1mGenerating C++ type support for eProsima Fast-RTPS[0m
In file included from [01m[K/home/student/Desktop/workspace/build/object_tracking_messages/rosidl_generator_c/object_tracking_messages/msg/detail/detected_person__functions.h:19[m[K,
                 from [01m[K/home/student/Desktop/workspace/build/object_tracking_messages/rosidl_generator_c/object_tracking_messages/msg/detail/detected_person__functions.c:4[m[K:
[01m[K/home/student/Desktop/workspace/build/object_tracking_messages/rosidl_generator_c/object_tracking_messages/msg/detail/detected_person__struct.h:22:10:[m[K [01;31m[Kfatal error: [m[Ksensor_msgs/msg/detail/region_of_interest__struct.h: No such file or directory
   22 | #include [01;31m[K"sensor_msgs/msg/detail/region_of_interest__struct.h"[m[K
      |          [01;31m[K^~~~~~~~~~~~~~~~~~~~~~~~~~~~~~~~~~~~~~~~~~~~~~~~~~~~~[m[K
compilation terminated.
gmake[2]: *** [CMakeFiles/object_tracking_messages__rosidl_generator_c.dir/build.make:135: CMakeFiles/object_tracking_messages__rosidl_generator_c.dir/rosidl_generator_c/object_tracking_messages/msg/detail/detected_person__functions.c.o] Error 1
gmake[2]: *** Waiting for unfinished jobs....
running egg_info
creating object_tracking_messages.egg-info
writing object_tracking_messages.egg-info/PKG-INFO
writing dependency_links to object_tracking_messages.egg-info/dependency_links.txt
writing top-level names to object_tracking_messages.egg-info/top_level.txt
writing manifest file 'object_tracking_messages.egg-info/SOURCES.txt'
reading manifest file 'object_tracking_messages.egg-info/SOURCES.txt'
writing manifest file 'object_tracking_messages.egg-info/SOURCES.txt'
gmake[1]: *** [CMakeFiles/Makefile2:213: CMakeFiles/object_tracking_messages__rosidl_generator_c.dir/all] Error 2
gmake[1]: *** Waiting for unfinished jobs....
[ 17%] Built target ament_cmake_python_build_object_tracking_messages_egg
[ 20%] [32mBuilding CXX object CMakeFiles/object_tracking_messages__rosidl_typesupport_cpp.dir/rosidl_typesupport_cpp/object_tracking_messages/msg/bounding_box__type_support.cpp.o[0m
[ 23%] [32mBuilding CXX object CMakeFiles/object_tracking_messages__rosidl_typesupport_cpp.dir/rosidl_typesupport_cpp/object_tracking_messages/msg/detected_person__type_support.cpp.o[0m
[ 25%] [32mBuilding CXX object CMakeFiles/object_tracking_messages__rosidl_typesupport_introspection_cpp.dir/rosidl_typesupport_introspection_cpp/object_tracking_messages/msg/detail/detected_person__type_support.cpp.o[0m
[ 28%] [32mBuilding CXX object CMakeFiles/object_tracking_messages__rosidl_typesupport_introspection_cpp.dir/rosidl_typesupport_introspection_cpp/object_tracking_messages/msg/detail/bounding_box__type_support.cpp.o[0m
In file included from [01m[K/home/student/Desktop/workspace/build/object_tracking_messages/rosidl_typesupport_cpp/object_tracking_messages/msg/detected_person__type_support.cpp:7[m[K:
[01m[K/home/student/Desktop/workspace/build/object_tracking_messages/rosidl_generator_cpp/object_tracking_messages/msg/detail/detected_person__struct.hpp:20:10:[m[K [01;31m[Kfatal error: [m[Ksensor_msgs/msg/detail/region_of_interest__struct.hpp: No such file or directory
   20 | #include [01;31m[K"sensor_msgs/msg/detail/region_of_interest__struct.hpp"[m[K
      |          [01;31m[K^~~~~~~~~~~~~~~~~~~~~~~~~~~~~~~~~~~~~~~~~~~~~~~~~~~~~~~[m[K
compilation terminated.
gmake[2]: *** [CMakeFiles/object_tracking_messages__rosidl_typesupport_cpp.dir/build.make:104: CMakeFiles/object_tracking_messages__rosidl_typesupport_cpp.dir/rosidl_typesupport_cpp/object_tracking_messages/msg/detected_person__type_support.cpp.o] Error 1
gmake[2]: *** Waiting for unfinished jobs....
In file included from [01m[K/home/student/Desktop/workspace/build/object_tracking_messages/rosidl_typesupport_introspection_cpp/object_tracking_messages/msg/detail/detected_person__type_support.cpp:12[m[K:
[01m[K/home/student/Desktop/workspace/build/object_tracking_messages/rosidl_generator_cpp/object_tracking_messages/msg/detail/detected_person__struct.hpp:20:10:[m[K [01;31m[Kfatal error: [m[Ksensor_msgs/msg/detail/region_of_interest__struct.hpp: No such file or directory
   20 | #include [01;31m[K"sensor_msgs/msg/detail/region_of_interest__struct.hpp"[m[K
      |          [01;31m[K^~~~~~~~~~~~~~~~~~~~~~~~~~~~~~~~~~~~~~~~~~~~~~~~~~~~~~~[m[K
compilation terminated.
gmake[2]: *** [CMakeFiles/object_tracking_messages__rosidl_typesupport_introspection_cpp.dir/build.make:112: CMakeFiles/object_tracking_messages__rosidl_typesupport_introspection_cpp.dir/rosidl_typesupport_introspection_cpp/object_tracking_messages/msg/detail/detected_person__type_support.cpp.o] Error 1
gmake[2]: *** Waiting for unfinished jobs....
[ 30%] [32mBuilding CXX object CMakeFiles/object_tracking_messages__rosidl_typesupport_fastrtps_cpp.dir/rosidl_typesupport_fastrtps_cpp/object_tracking_messages/msg/detail/dds_fastrtps/bounding_box__type_support.cpp.o[0m
[ 33%] [32mBuilding CXX object CMakeFiles/object_tracking_messages__rosidl_typesupport_fastrtps_cpp.dir/rosidl_typesupport_fastrtps_cpp/object_tracking_messages/msg/detail/dds_fastrtps/detected_person__type_support.cpp.o[0m
In file included from [01m[K/home/student/Desktop/workspace/build/object_tracking_messages/rosidl_typesupport_fastrtps_cpp/object_tracking_messages/msg/detail/detected_person__rosidl_typesupport_fastrtps_cpp.hpp:11[m[K,
                 from [01m[K/home/student/Desktop/workspace/build/object_tracking_messages/rosidl_typesupport_fastrtps_cpp/object_tracking_messages/msg/detail/dds_fastrtps/detected_person__type_support.cpp:4[m[K:
[01m[K/home/student/Desktop/workspace/build/object_tracking_messages/rosidl_generator_cpp/object_tracking_messages/msg/detail/detected_person__struct.hpp:20:10:[m[K [01;31m[Kfatal error: [m[Ksensor_msgs/msg/detail/region_of_interest__struct.hpp: No such file or directory
   20 | #include [01;31m[K"sensor_msgs/msg/detail/region_of_interest__struct.hpp"[m[K
      |          [01;31m[K^~~~~~~~~~~~~~~~~~~~~~~~~~~~~~~~~~~~~~~~~~~~~~~~~~~~~~~[m[K
compilation terminated.
gmake[2]: *** [CMakeFiles/object_tracking_messages__rosidl_typesupport_fastrtps_cpp.dir/build.make:112: CMakeFiles/object_tracking_messages__rosidl_typesupport_fastrtps_cpp.dir/rosidl_typesupport_fastrtps_cpp/object_tracking_messages/msg/detail/dds_fastrtps/detected_person__type_support.cpp.o] Error 1
gmake[2]: *** Waiting for unfinished jobs....
gmake[1]: *** [CMakeFiles/Makefile2:395: CMakeFiles/object_tracking_messages__rosidl_typesupport_cpp.dir/all] Error 2
gmake[1]: *** [CMakeFiles/Makefile2:369: CMakeFiles/object_tracking_messages__rosidl_typesupport_introspection_cpp.dir/all] Error 2
gmake[1]: *** [CMakeFiles/Makefile2:343: CMakeFiles/object_tracking_messages__rosidl_typesupport_fastrtps_cpp.dir/all] Error 2
gmake: *** [Makefile:146: all] Error 2
