[0.027s] Invoking command in '/home/student/Desktop/workspace/build/object_tracking_messages': CMAKE_PREFIX_PATH=${CMAKE_PREFIX_PATH}:/home/student/Desktop/workspace/install/yolo_tracking:/home/student/Desktop/workspace/install/position_estimation:/opt/ros/humble /home/student/.local/bin/cmake /home/student/Desktop/workspace/src/object_tracking_messages -DCMAKE_INSTALL_PREFIX=/home/student/Desktop/workspace/install/object_tracking_messages
[0.303s] -- Found ament_cmake: 1.3.10 (/opt/ros/humble/share/ament_cmake/cmake)
[0.303s] -- Override CMake install command with custom implementation using symlinks instead of copying resources
[0.303s] -- Found rosidl_default_generators: 1.2.0 (/opt/ros/humble/share/rosidl_default_generators/cmake)
[0.304s] -- Using all available rosidl_typesupport_c: rosidl_typesupport_fastrtps_c;rosidl_typesupport_introspection_c
[0.304s] -- Found rosidl_adapter: 3.1.5 (/opt/ros/humble/share/rosidl_adapter/cmake)
[0.304s] -- Using all available rosidl_typesupport_cpp: rosidl_typesupport_fastrtps_cpp;rosidl_typesupport_introspection_cpp
[0.440s] -- Found ament_cmake_ros: 0.10.0 (/opt/ros/humble/share/ament_cmake_ros/cmake)
[0.527s] -- Using all available rosidl_typesupport_c: rosidl_typesupport_fastrtps_c;rosidl_typesupport_introspection_c
[0.634s] -- Using all available rosidl_typesupport_cpp: rosidl_typesupport_fastrtps_cpp;rosidl_typesupport_introspection_cpp
[0.654s] -- Found PythonInterp: /usr/bin/python3 (found suitable version "3.10.12", minimum required is "3.6") 
[0.658s] -- Found python_cmake_module: 0.10.0 (/opt/ros/humble/share/python_cmake_module/cmake)
[0.684s] -- Found PythonLibs: /usr/lib/x86_64-linux-gnu/libpython3.10.so (found suitable version "3.10.12", minimum required is "3.5") 
[0.684s] -- Using PYTHON_EXECUTABLE: /usr/bin/python3
[0.684s] -- Using PYTHON_INCLUDE_DIRS: /usr/include/python3.10
[0.684s] -- Using PYTHON_LIBRARIES: /usr/lib/x86_64-linux-gnu/libpython3.10.so
[0.704s] -- Found PythonExtra: .so  
[0.746s] -- Found ament_lint_auto: 0.12.11 (/opt/ros/humble/share/ament_lint_auto/cmake)
[0.756s] -- Added test 'lint_cmake' to check CMake code style
[0.757s] -- Added test 'xmllint' to check XML markup files
[0.760s] -- Configuring done (0.7s)
[0.787s] -- Generating done (0.0s)
[0.789s] -- Build files have been written to: /home/student/Desktop/workspace/build/object_tracking_messages
[0.798s] Invoked command in '/home/student/Desktop/workspace/build/object_tracking_messages' returned '0': CMAKE_PREFIX_PATH=${CMAKE_PREFIX_PATH}:/home/student/Desktop/workspace/install/yolo_tracking:/home/student/Desktop/workspace/install/position_estimation:/opt/ros/humble /home/student/.local/bin/cmake /home/student/Desktop/workspace/src/object_tracking_messages -DCMAKE_INSTALL_PREFIX=/home/student/Desktop/workspace/install/object_tracking_messages
[0.799s] Invoking command in '/home/student/Desktop/workspace/build/object_tracking_messages': CMAKE_PREFIX_PATH=${CMAKE_PREFIX_PATH}:/home/student/Desktop/workspace/install/yolo_tracking:/home/student/Desktop/workspace/install/position_estimation:/opt/ros/humble /home/student/.local/bin/cmake --build /home/student/Desktop/workspace/build/object_tracking_messages -- -j16 -l16
[0.838s] [  2%] [34m[1mGenerating C code for ROS interfaces[0m
[0.843s] [  5%] [34m[1mGenerating C++ code for ROS interfaces[0m
[0.846s] [  5%] Built target ament_cmake_python_symlink_object_tracking_messages
[1.180s] [  5%] Built target object_tracking_messages__cpp
[1.185s] [  7%] [32mBuilding C object CMakeFiles/object_tracking_messages__rosidl_generator_c.dir/rosidl_generator_c/object_tracking_messages/msg/detail/bounding_box__functions.c.o[0m
[1.185s] [ 10%] [34m[1mGenerating C++ type support dispatch for ROS interfaces[0m
[1.186s] [ 12%] [32mBuilding C object CMakeFiles/object_tracking_messages__rosidl_generator_c.dir/rosidl_generator_c/object_tracking_messages/msg/detail/detected_person__functions.c.o[0m
[1.187s] [ 17%] [34m[1mGenerating C++ introspection for ROS interfaces[0m
[1.187s] [ 17%] [34m[1mGenerating C++ type support for eProsima Fast-RTPS[0m
[1.203s] In file included from [01m[K/home/student/Desktop/workspace/build/object_tracking_messages/rosidl_generator_c/object_tracking_messages/msg/detail/detected_person__functions.h:19[m[K,
[1.203s]                  from [01m[K/home/student/Desktop/workspace/build/object_tracking_messages/rosidl_generator_c/object_tracking_messages/msg/detail/detected_person__functions.c:4[m[K:
[1.203s] [01m[K/home/student/Desktop/workspace/build/object_tracking_messages/rosidl_generator_c/object_tracking_messages/msg/detail/detected_person__struct.h:22:10:[m[K [01;31m[Kfatal error: [m[Ksensor_msgs/msg/detail/region_of_interest__struct.h: No such file or directory
[1.203s]    22 | #include [01;31m[K"sensor_msgs/msg/detail/region_of_interest__struct.h"[m[K
[1.204s]       |          [01;31m[K^~~~~~~~~~~~~~~~~~~~~~~~~~~~~~~~~~~~~~~~~~~~~~~~~~~~~[m[K
[1.204s] compilation terminated.
[1.204s] gmake[2]: *** [CMakeFiles/object_tracking_messages__rosidl_generator_c.dir/build.make:135: CMakeFiles/object_tracking_messages__rosidl_generator_c.dir/rosidl_generator_c/object_tracking_messages/msg/detail/detected_person__functions.c.o] Error 1
[1.204s] gmake[2]: *** Waiting for unfinished jobs....
[1.205s] running egg_info
[1.206s] creating object_tracking_messages.egg-info
[1.206s] writing object_tracking_messages.egg-info/PKG-INFO
[1.207s] writing dependency_links to object_tracking_messages.egg-info/dependency_links.txt
[1.207s] writing top-level names to object_tracking_messages.egg-info/top_level.txt
[1.207s] writing manifest file 'object_tracking_messages.egg-info/SOURCES.txt'
[1.209s] reading manifest file 'object_tracking_messages.egg-info/SOURCES.txt'
[1.210s] writing manifest file 'object_tracking_messages.egg-info/SOURCES.txt'
[1.230s] gmake[1]: *** [CMakeFiles/Makefile2:213: CMakeFiles/object_tracking_messages__rosidl_generator_c.dir/all] Error 2
[1.230s] gmake[1]: *** Waiting for unfinished jobs....
[1.231s] [ 17%] Built target ament_cmake_python_build_object_tracking_messages_egg
[1.446s] [ 20%] [32mBuilding CXX object CMakeFiles/object_tracking_messages__rosidl_typesupport_cpp.dir/rosidl_typesupport_cpp/object_tracking_messages/msg/bounding_box__type_support.cpp.o[0m
[1.447s] [ 23%] [32mBuilding CXX object CMakeFiles/object_tracking_messages__rosidl_typesupport_cpp.dir/rosidl_typesupport_cpp/object_tracking_messages/msg/detected_person__type_support.cpp.o[0m
[1.472s] [ 25%] [32mBuilding CXX object CMakeFiles/object_tracking_messages__rosidl_typesupport_introspection_cpp.dir/rosidl_typesupport_introspection_cpp/object_tracking_messages/msg/detail/detected_person__type_support.cpp.o[0m
[1.473s] [ 28%] [32mBuilding CXX object CMakeFiles/object_tracking_messages__rosidl_typesupport_introspection_cpp.dir/rosidl_typesupport_introspection_cpp/object_tracking_messages/msg/detail/bounding_box__type_support.cpp.o[0m
[1.495s] In file included from [01m[K/home/student/Desktop/workspace/build/object_tracking_messages/rosidl_typesupport_cpp/object_tracking_messages/msg/detected_person__type_support.cpp:7[m[K:
[1.496s] [01m[K/home/student/Desktop/workspace/build/object_tracking_messages/rosidl_generator_cpp/object_tracking_messages/msg/detail/detected_person__struct.hpp:20:10:[m[K [01;31m[Kfatal error: [m[Ksensor_msgs/msg/detail/region_of_interest__struct.hpp: No such file or directory
[1.496s]    20 | #include [01;31m[K"sensor_msgs/msg/detail/region_of_interest__struct.hpp"[m[K
[1.496s]       |          [01;31m[K^~~~~~~~~~~~~~~~~~~~~~~~~~~~~~~~~~~~~~~~~~~~~~~~~~~~~~~[m[K
[1.496s] compilation terminated.
[1.496s] gmake[2]: *** [CMakeFiles/object_tracking_messages__rosidl_typesupport_cpp.dir/build.make:104: CMakeFiles/object_tracking_messages__rosidl_typesupport_cpp.dir/rosidl_typesupport_cpp/object_tracking_messages/msg/detected_person__type_support.cpp.o] Error 1
[1.496s] gmake[2]: *** Waiting for unfinished jobs....
[1.528s] In file included from [01m[K/home/student/Desktop/workspace/build/object_tracking_messages/rosidl_typesupport_introspection_cpp/object_tracking_messages/msg/detail/detected_person__type_support.cpp:12[m[K:
[1.528s] [01m[K/home/student/Desktop/workspace/build/object_tracking_messages/rosidl_generator_cpp/object_tracking_messages/msg/detail/detected_person__struct.hpp:20:10:[m[K [01;31m[Kfatal error: [m[Ksensor_msgs/msg/detail/region_of_interest__struct.hpp: No such file or directory
[1.528s]    20 | #include [01;31m[K"sensor_msgs/msg/detail/region_of_interest__struct.hpp"[m[K
[1.528s]       |          [01;31m[K^~~~~~~~~~~~~~~~~~~~~~~~~~~~~~~~~~~~~~~~~~~~~~~~~~~~~~~[m[K
[1.528s] compilation terminated.
[1.528s] gmake[2]: *** [CMakeFiles/object_tracking_messages__rosidl_typesupport_introspection_cpp.dir/build.make:112: CMakeFiles/object_tracking_messages__rosidl_typesupport_introspection_cpp.dir/rosidl_typesupport_introspection_cpp/object_tracking_messages/msg/detail/detected_person__type_support.cpp.o] Error 1
[1.529s] gmake[2]: *** Waiting for unfinished jobs....
[1.530s] [ 30%] [32mBuilding CXX object CMakeFiles/object_tracking_messages__rosidl_typesupport_fastrtps_cpp.dir/rosidl_typesupport_fastrtps_cpp/object_tracking_messages/msg/detail/dds_fastrtps/bounding_box__type_support.cpp.o[0m
[1.531s] [ 33%] [32mBuilding CXX object CMakeFiles/object_tracking_messages__rosidl_typesupport_fastrtps_cpp.dir/rosidl_typesupport_fastrtps_cpp/object_tracking_messages/msg/detail/dds_fastrtps/detected_person__type_support.cpp.o[0m
[1.578s] In file included from [01m[K/home/student/Desktop/workspace/build/object_tracking_messages/rosidl_typesupport_fastrtps_cpp/object_tracking_messages/msg/detail/detected_person__rosidl_typesupport_fastrtps_cpp.hpp:11[m[K,
[1.579s]                  from [01m[K/home/student/Desktop/workspace/build/object_tracking_messages/rosidl_typesupport_fastrtps_cpp/object_tracking_messages/msg/detail/dds_fastrtps/detected_person__type_support.cpp:4[m[K:
[1.579s] [01m[K/home/student/Desktop/workspace/build/object_tracking_messages/rosidl_generator_cpp/object_tracking_messages/msg/detail/detected_person__struct.hpp:20:10:[m[K [01;31m[Kfatal error: [m[Ksensor_msgs/msg/detail/region_of_interest__struct.hpp: No such file or directory
[1.579s]    20 | #include [01;31m[K"sensor_msgs/msg/detail/region_of_interest__struct.hpp"[m[K
[1.579s]       |          [01;31m[K^~~~~~~~~~~~~~~~~~~~~~~~~~~~~~~~~~~~~~~~~~~~~~~~~~~~~~~[m[K
[1.579s] compilation terminated.
[1.579s] gmake[2]: *** [CMakeFiles/object_tracking_messages__rosidl_typesupport_fastrtps_cpp.dir/build.make:112: CMakeFiles/object_tracking_messages__rosidl_typesupport_fastrtps_cpp.dir/rosidl_typesupport_fastrtps_cpp/object_tracking_messages/msg/detail/dds_fastrtps/detected_person__type_support.cpp.o] Error 1
[1.579s] gmake[2]: *** Waiting for unfinished jobs....
[1.759s] gmake[1]: *** [CMakeFiles/Makefile2:395: CMakeFiles/object_tracking_messages__rosidl_typesupport_cpp.dir/all] Error 2
[1.803s] gmake[1]: *** [CMakeFiles/Makefile2:369: CMakeFiles/object_tracking_messages__rosidl_typesupport_introspection_cpp.dir/all] Error 2
[1.872s] gmake[1]: *** [CMakeFiles/Makefile2:343: CMakeFiles/object_tracking_messages__rosidl_typesupport_fastrtps_cpp.dir/all] Error 2
[1.872s] gmake: *** [Makefile:146: all] Error 2
[1.876s] Invoked command in '/home/student/Desktop/workspace/build/object_tracking_messages' returned '2': CMAKE_PREFIX_PATH=${CMAKE_PREFIX_PATH}:/home/student/Desktop/workspace/install/yolo_tracking:/home/student/Desktop/workspace/install/position_estimation:/opt/ros/humble /home/student/.local/bin/cmake --build /home/student/Desktop/workspace/build/object_tracking_messages -- -j16 -l16
